nohup: ignoring input
⚡ AUTO SYNC STARTED...
Setting up watches.  Beware: since -r was given, this may take a while!
Watches established.
./ MODIFY sync.log
📦 Changes detected...
[main cc3125e] auto sync 2026-04-30 09:57:43
 1 file changed, 3 insertions(+)
To github.com:atteszp-beep/spaceinvansion.git
 ! [remote rejected] main -> main (cannot lock ref 'refs/heads/main': is at 088426c1887ec41c1b86a4d48c60a99826d5dee8 but expected a725d66209b001a28f60c42daaecc1902ccf8572)
error: failed to push some refs to 'github.com:atteszp-beep/spaceinvansion.git'
🚀 Synced to GitHub!
Setting up watches.  Beware: since -r was given, this may take a while!
Watches established.
./.git/objects/bc/ CREATE tmp_obj_rb1GgG
📦 Changes detected...
On branch main
Your branch is ahead of 'origin/main' by 3 commits.
  (use "git push" to publish your local commits)

nothing to commit, working tree clean
No changes to commit
To github.com:atteszp-beep/spaceinvansion.git
 ! [remote rejected] main -> main (cannot lock ref 'refs/heads/main': is at bc71af294da440dc081a0f2cc97dc30e5bef61b3 but expected 088426c1887ec41c1b86a4d48c60a99826d5dee8)
error: failed to push some refs to 'github.com:atteszp-beep/spaceinvansion.git'
🚀 Synced to GitHub!
Setting up watches.  Beware: since -r was given, this may take a while!
Watches established.
./ MODIFY sync.log
📦 Changes detected...
On branch main
Your branch is ahead of 'origin/main' by 2 commits.
  (use "git push" to publish your local commits)

nothing to commit, working tree clean
No changes to commit
To github.com:atteszp-beep/spaceinvansion.git
   bc71af2..02c84d3  main -> main
🚀 Synced to GitHub!
Setting up watches.  Beware: since -r was given, this may take a while!
Watches established.
./ MODIFY sync.log
📦 Changes detected...
[main 33de2d5] auto sync 2026-04-30 09:57:51
 1 file changed, 13 insertions(+)
To github.com:atteszp-beep/spaceinvansion.git
   02c84d3..33de2d5  main -> main
🚀 Synced to GitHub!
Setting up watches.  Beware: since -r was given, this may take a while!
Watches established.
./ MODIFY sync.log
📦 Changes detected...
fatal: Unable to create '/data/data/com.termux/files/home/scifi_aaa/.git/index.lock': File exists.

Another git process seems to be running in this repository, or the lock file may be stale
No changes to commit
To github.com:atteszp-beep/spaceinvansion.git
   33de2d5..9c9dbd4  main -> main
🚀 Synced to GitHub!
Setting up watches.  Beware: since -r was given, this may take a while!
Watches established.
./ MODIFY sync.log
📦 Changes detected...
[main ed96d13] auto sync 2026-04-30 09:57:56
 1 file changed, 7 insertions(+)
To github.com:atteszp-beep/spaceinvansion.git
   9c9dbd4..ed96d13  main -> main
🚀 Synced to GitHub!
Setting up watches.  Beware: since -r was given, this may take a while!
Watches established.
./.git/refs/heads/ CREATE main.lock
📦 Changes detected...
[main ab66440] auto sync 2026-04-30 09:57:59
 1 file changed, 3 insertions(+)
To github.com:atteszp-beep/spaceinvansion.git
 ! [remote rejected] main -> main (cannot lock ref 'refs/heads/main': is at ad383f8e7fd8f6ba890a1b96c9c8e8a9030ebdf8 but expected ed96d1342585aff27c6290aa2e016791337b1366)
error: failed to push some refs to 'github.com:atteszp-beep/spaceinvansion.git'
🚀 Synced to GitHub!
Setting up watches.  Beware: since -r was given, this may take a while!
Watches established.
./.git/objects/36/ CREATE tmp_obj_gjQ6zT
📦 Changes detected...
[main 359049e] auto sync 2026-04-30 09:58:01
 1 file changed, 3 insertions(+)
To github.com:atteszp-beep/spaceinvansion.git
 ! [remote rejected] main -> main (cannot lock ref 'refs/heads/main': is at 36af5fee4ca2e41f5470bee16a3420f2b9fbd7cc but expected ad383f8e7fd8f6ba890a1b96c9c8e8a9030ebdf8)
error: failed to push some refs to 'github.com:atteszp-beep/spaceinvansion.git'
🚀 Synced to GitHub!
Setting up watches.  Beware: since -r was given, this may take a while!
Watches established.
./.git/objects/f8/ CREATE tmp_obj_poCsmt
📦 Changes detected...
[main 8b70290] auto sync 2026-04-30 09:58:04
 1 file changed, 3 insertions(+)
To github.com:atteszp-beep/spaceinvansion.git
 ! [remote rejected] main -> main (cannot lock ref 'refs/heads/main': is at 788b2a30d8c6cc6e3899a801ecd4ed408e5b26f7 but expected 36af5fee4ca2e41f5470bee16a3420f2b9fbd7cc)
error: failed to push some refs to 'github.com:atteszp-beep/spaceinvansion.git'
🚀 Synced to GitHub!
Setting up watches.  Beware: since -r was given, this may take a while!
Watches established.
./.git/refs/heads/ CREATE main.lock
📦 Changes detected...
[main 18fe3f0] auto sync 2026-04-30 09:58:07
 1 file changed, 3 insertions(+)
To github.com:atteszp-beep/spaceinvansion.git
 ! [remote rejected] main -> main (cannot lock ref 'refs/heads/main': is at a11ac1099da42cb40e5c5047a329617fef56695f but expected 788b2a30d8c6cc6e3899a801ecd4ed408e5b26f7)
error: failed to push some refs to 'github.com:atteszp-beep/spaceinvansion.git'
🚀 Synced to GitHub!
Setting up watches.  Beware: since -r was given, this may take a while!
Watches established.
./.git/objects/de/ CREATE tmp_obj_0fShpu
📦 Changes detected...
[main 09bc147] auto sync 2026-04-30 09:58:09
 1 file changed, 3 insertions(+)
To github.com:atteszp-beep/spaceinvansion.git
   a11ac10..09bc147  main -> main
🚀 Synced to GitHub!
Setting up watches.  Beware: since -r was given, this may take a while!
Watches established.
./.git/objects/94/ CREATE tmp_obj_otdzDG
📦 Changes detected...
fatal: Unable to create '/data/data/com.termux/files/home/scifi_aaa/.git/index.lock': File exists.

Another git process seems to be running in this repository, or the lock file may be stale
[main a69f21d] auto sync 2026-04-30 09:58:12
 1 file changed, 3 insertions(+)
To github.com:atteszp-beep/spaceinvansion.git
 ! [remote rejected] main -> main (cannot lock ref 'refs/heads/main': is at a69f21dc9af357fa6fdf2e651a41bf0b3b295ec4 but expected 09bc147f436fb867056fd2fb43640cfd90672f8e)
error: failed to push some refs to 'github.com:atteszp-beep/spaceinvansion.git'
🚀 Synced to GitHub!
Setting up watches.  Beware: since -r was given, this may take a while!
Watches established.
./ MODIFY sync.log
📦 Changes detected...
fatal: Unable to create '/data/data/com.termux/files/home/scifi_aaa/.git/index.lock': File exists.

Another git process seems to be running in this repository, or the lock file may be stale
No changes to commit
To github.com:atteszp-beep/spaceinvansion.git
   a69f21d..514cb9d  main -> main
🚀 Synced to GitHub!
Setting up watches.  Beware: since -r was given, this may take a while!
Watches established.
./.git/objects/36/ CREATE tmp_obj_VEgIaU
📦 Changes detected...
fatal: Unable to create '/data/data/com.termux/files/home/scifi_aaa/.git/index.lock': File exists.

Another git process seems to be running in this repository, or the lock file may be stale
[main 747ede2] auto sync 2026-04-30 09:58:17
 1 file changed, 6 insertions(+)
To github.com:atteszp-beep/spaceinvansion.git
 ! [remote rejected] main -> main (cannot lock ref 'refs/heads/main': is at 747ede291ec721518bd7fa58a2fa3884bb37546c but expected 514cb9dca1f4f951acec6256642bd517b04dbb15)
error: failed to push some refs to 'github.com:atteszp-beep/spaceinvansion.git'
🚀 Synced to GitHub!
Setting up watches.  Beware: since -r was given, this may take a while!
Watches established.
./ MODIFY sync.log
📦 Changes detected...
fatal: Unable to create '/data/data/com.termux/files/home/scifi_aaa/.git/index.lock': File exists.

Another git process seems to be running in this repository, or the lock file may be stale
fatal: Unable to create '/data/data/com.termux/files/home/scifi_aaa/.git/index.lock': File exists.

Another git process seems to be running in this repository, or the lock file may be stale
No changes to commit
Everything up-to-date
🚀 Synced to GitHub!
Setting up watches.  Beware: since -r was given, this may take a while!
Watches established.
./ MODIFY sync.log
📦 Changes detected...
[main 6b7e0d1] auto sync 2026-04-30 09:58:22
 1 file changed, 10 insertions(+)
To github.com:atteszp-beep/spaceinvansion.git
   8215958..6b7e0d1  main -> main
🚀 Synced to GitHub!
Setting up watches.  Beware: since -r was given, this may take a while!
Watches established.
./.git/refs/heads/ CREATE main.lock
📦 Changes detected...
[main 561566c] auto sync 2026-04-30 09:58:25
 1 file changed, 3 insertions(+)
To github.com:atteszp-beep/spaceinvansion.git
 ! [remote rejected] main -> main (cannot lock ref 'refs/heads/main': is at 83c24614672fc8ae7708f570b50eed2405c988ad but expected 6b7e0d1d18c11a50d2785f10578eeab616f5e283)
error: failed to push some refs to 'github.com:atteszp-beep/spaceinvansion.git'
🚀 Synced to GitHub!
Setting up watches.  Beware: since -r was given, this may take a while!
Watches established.
./.git/refs/heads/ CREATE main.lock
📦 Changes detected...
[main 156d67d] auto sync 2026-04-30 09:58:28
 1 file changed, 3 insertions(+)
To github.com:atteszp-beep/spaceinvansion.git
 ! [remote rejected] main -> main (cannot lock ref 'refs/heads/main': is at c2164188804ca56968b052b85e4b65aa4eefa597 but expected 83c24614672fc8ae7708f570b50eed2405c988ad)
error: failed to push some refs to 'github.com:atteszp-beep/spaceinvansion.git'
🚀 Synced to GitHub!
Setting up watches.  Beware: since -r was given, this may take a while!
Watches established.
./ MODIFY sync.log
📦 Changes detected...
[main e4b83cb] auto sync 2026-04-30 09:58:30
 1 file changed, 8 insertions(+)
To github.com:atteszp-beep/spaceinvansion.git
 ! [remote rejected] main -> main (cannot lock ref 'refs/heads/main': is at c7cdd0aae422a8323b1b118be73d886b896f05fd but expected c2164188804ca56968b052b85e4b65aa4eefa597)
error: failed to push some refs to 'github.com:atteszp-beep/spaceinvansion.git'
🚀 Synced to GitHub!
Setting up watches.  Beware: since -r was given, this may take a while!
Watches established.
./ MODIFY sync.log
📦 Changes detected...
[main e9ea676] auto sync 2026-04-30 09:58:33
 1 file changed, 3 insertions(+)
To github.com:atteszp-beep/spaceinvansion.git
 ! [remote rejected] main -> main (cannot lock ref 'refs/heads/main': is at a1cb084119429eee5a0cd28a52c465679142475c but expected c7cdd0aae422a8323b1b118be73d886b896f05fd)
error: failed to push some refs to 'github.com:atteszp-beep/spaceinvansion.git'
🚀 Synced to GitHub!
Setting up watches.  Beware: since -r was given, this may take a while!
Watches established.
./.git/objects/3a/ CREATE tmp_obj_HlcNVn
📦 Changes detected...
[main be86017] auto sync 2026-04-30 09:58:36
 1 file changed, 3 insertions(+)
To github.com:atteszp-beep/spaceinvansion.git
 ! [remote rejected] main -> main (cannot lock ref 'refs/heads/main': is at 3af06f31aafddc2711123328bc2f0bd06b888885 but expected a1cb084119429eee5a0cd28a52c465679142475c)
error: failed to push some refs to 'github.com:atteszp-beep/spaceinvansion.git'
🚀 Synced to GitHub!
Setting up watches.  Beware: since -r was given, this may take a while!
Watches established.
./.git/refs/heads/ CREATE main.lock
📦 Changes detected...
[main bf8b748] auto sync 2026-04-30 09:58:39
 1 file changed, 3 insertions(+)
To github.com:atteszp-beep/spaceinvansion.git
 ! [remote rejected] main -> main (cannot lock ref 'refs/heads/main': is at ada14e37a705d33d8292a1c0d0bcaf6a7d4629d8 but expected 3af06f31aafddc2711123328bc2f0bd06b888885)
error: failed to push some refs to 'github.com:atteszp-beep/spaceinvansion.git'
🚀 Synced to GitHub!
Setting up watches.  Beware: since -r was given, this may take a while!
Watches established.
./.git/refs/heads/ CREATE main.lock
📦 Changes detected...
[main edd7635] auto sync 2026-04-30 09:58:42
 1 file changed, 3 insertions(+)
To github.com:atteszp-beep/spaceinvansion.git
 ! [remote rejected] main -> main (cannot lock ref 'refs/heads/main': is at 5fd6dae5f1a73b865adfa59c2d60325728f9668a but expected ada14e37a705d33d8292a1c0d0bcaf6a7d4629d8)
error: failed to push some refs to 'github.com:atteszp-beep/spaceinvansion.git'
🚀 Synced to GitHub!
Setting up watches.  Beware: since -r was given, this may take a while!
Watches established.
./.git/refs/heads/ CREATE main.lock
📦 Changes detected...
[main 8235782] auto sync 2026-04-30 09:58:44
 1 file changed, 3 insertions(+)
To github.com:atteszp-beep/spaceinvansion.git
 ! [remote rejected] main -> main (cannot lock ref 'refs/heads/main': is at 8521668be1d00468f048208bd43b69f6aaddf835 but expected 5fd6dae5f1a73b865adfa59c2d60325728f9668a)
error: failed to push some refs to 'github.com:atteszp-beep/spaceinvansion.git'
🚀 Synced to GitHub!
Setting up watches.  Beware: since -r was given, this may take a while!
Watches established.
./ MODIFY sync.log
📦 Changes detected...
On branch main
Your branch is ahead of 'origin/main' by 2 commits.
  (use "git push" to publish your local commits)

nothing to commit, working tree clean
No changes to commit
To github.com:atteszp-beep/spaceinvansion.git
   8521668..6fa40f8  main -> main
🚀 Synced to GitHub!
Setting up watches.  Beware: since -r was given, this may take a while!
Watches established.
./.git/objects/a1/ CREATE tmp_obj_jQGcKZ
📦 Changes detected...
[main f6d593f] auto sync 2026-04-30 09:58:50
 1 file changed, 3 insertions(+)
To github.com:atteszp-beep/spaceinvansion.git
 ! [remote rejected] main -> main (cannot lock ref 'refs/heads/main': is at a14a9db0f3434871730e324c51102f7f8442f19a but expected 6fa40f810722f2604f8417e4504f45b3a5f04492)
error: failed to push some refs to 'github.com:atteszp-beep/spaceinvansion.git'
🚀 Synced to GitHub!
Setting up watches.  Beware: since -r was given, this may take a while!
Watches established.
./.git/objects/51/ CREATE tmp_obj_gwKsSj
📦 Changes detected...
fatal: Unable to create '/data/data/com.termux/files/home/scifi_aaa/.git/index.lock': File exists.

Another git process seems to be running in this repository, or the lock file may be stale
No changes to commit
To github.com:atteszp-beep/spaceinvansion.git
 ! [remote rejected] main -> main (cannot lock ref 'refs/heads/main': is at 51168d717d5aa34fab57eaf3e5834045398a3f2d but expected a14a9db0f3434871730e324c51102f7f8442f19a)
error: failed to push some refs to 'github.com:atteszp-beep/spaceinvansion.git'
🚀 Synced to GitHub!
Setting up watches.  Beware: since -r was given, this may take a while!
Watches established.
./ MODIFY sync.log
📦 Changes detected...
fatal: Unable to create '/data/data/com.termux/files/home/scifi_aaa/.git/index.lock': File exists.

Another git process seems to be running in this repository, or the lock file may be stale
[main e7bdd20] auto sync 2026-04-30 09:58:55
 2 files changed, 25 insertions(+)
 create mode 100644 auto_sync_watchdog.sh
To github.com:atteszp-beep/spaceinvansion.git
   51168d7..e7bdd20  main -> main
🚀 Synced to GitHub!
Setting up watches.  Beware: since -r was given, this may take a while!
Watches established.
./ MODIFY sync.log
📦 Changes detected...
[main 788d77d] auto sync 2026-04-30 09:58:58
 1 file changed, 7 insertions(+)
To github.com:atteszp-beep/spaceinvansion.git
   e7bdd20..788d77d  main -> main
🚀 Synced to GitHub!
Setting up watches.  Beware: since -r was given, this may take a while!
Watches established.
./.git/objects/82/ CREATE tmp_obj_fAN7sC
📦 Changes detected...
