nohup: ignoring input
🛡️ AUTO SYNC WATCHDOG STARTED
🚀 Starting auto_sync...
⚡ AUTO SYNC STARTED...
Setting up watches.  Beware: since -r was given, this may take a while!
Watches established.
./ MODIFY watchdog.log
📦 Changes detected...
[main e25d363] auto sync 2026-04-30 09:59:11
 2 files changed, 10 insertions(+)
 create mode 100644 watchdog.log
To github.com:atteszp-beep/spaceinvansion.git
   bc3fc7f..e25d363  main -> main
🚀 Synced to GitHub!
Setting up watches.  Beware: since -r was given, this may take a while!
Watches established.
./ MODIFY watchdog.log
📦 Changes detected...
[main edf68e4] auto sync 2026-04-30 09:59:14
 1 file changed, 7 insertions(+)
To github.com:atteszp-beep/spaceinvansion.git
   9e86610..edf68e4  main -> main
🚀 Synced to GitHub!
Setting up watches.  Beware: since -r was given, this may take a while!
Watches established.
./ MODIFY watchdog.log
📦 Changes detected...
[main dfabf70] auto sync 2026-04-30 09:59:17
 1 file changed, 3 insertions(+)
To github.com:atteszp-beep/spaceinvansion.git
 ! [remote rejected] main -> main (cannot lock ref 'refs/heads/main': is at 1d0ee3b0e6775898477f6fdc0f7e157f6bba00bf but expected d67d9e413866644a26001892791c885a8f51dfd1)
error: failed to push some refs to 'github.com:atteszp-beep/spaceinvansion.git'
🚀 Synced to GitHub!
Setting up watches.  Beware: since -r was given, this may take a while!
Watches established.
./ MODIFY watchdog.log
📦 Changes detected...
fatal: Unable to create '/data/data/com.termux/files/home/scifi_aaa/.git/index.lock': File exists.

Another git process seems to be running in this repository, or the lock file may be stale
On branch main
Your branch is ahead of 'origin/main' by 3 commits.
  (use "git push" to publish your local commits)

Changes not staged for commit:
  (use "git add <file>..." to update what will be committed)
  (use "git restore <file>..." to discard changes in working directory)
	modified:   watchdog.log

no changes added to commit (use "git add" and/or "git commit -a")
No changes to commit
To github.com:atteszp-beep/spaceinvansion.git
 ! [remote rejected] main -> main (cannot lock ref 'refs/heads/main': is at aee0098cb9c3371b831992f0bef48c4b1c3771a1 but expected ec538190a7e6bd8429105633463a3ca6074ad166)
error: failed to push some refs to 'github.com:atteszp-beep/spaceinvansion.git'
🚀 Synced to GitHub!
Setting up watches.  Beware: since -r was given, this may take a while!
